<?xml version="1.0" encoding="UTF-8"?>
<!-- Generated by org.testng.reporters.JUnitReportReporter -->
<testsuite hostname="DESKTOP-CAKD8RJ" failures="0" tests="1" name="test.Tests" time="14.048" errors="0" timestamp="2023-07-18T16:30:33 IST" skipped="0">
  <testcase classname="test.Tests" name="test1" time="14.048"/>
  <system-out/>
</testsuite> <!-- test.Tests -->
